TN:
SF:/Users/lallemant/dev/geojson.lib/lib/geojson.lib.js
FN:38,methodIterator
FNF:1
FNH:1
FNDA:15,methodIterator
DA:1,1
DA:15,1
DA:18,1
DA:21,1
DA:24,1
DA:25,1
DA:26,1
DA:27,1
DA:30,1
DA:33,1
DA:36,1
DA:38,1
DA:39,15
DA:43,1
LF:14
LH:14
BRF:0
BRH:0
end_of_record
TN:
SF:/Users/lallemant/dev/geojson.lib/lib/tools.js
FN:15,validatePosition
FN:30,positionPrecision
FN:31,(anonymous_3)
FN:41,bboxToResolution
FN:54,bboxToPolygon
FN:70,getBBoxCenter
FN:77,extendBBoxWithPosition
FN:98,getBBoxFromVertices
FN:136,getGeoJson
FN:161,getPosition
FN:167,destinationPosition
FN:171,numberToBearing
FN:175,bearingTo
FN:189,rhumbBearingTo
FN:205,floatPrecision
FN:234,(anonymous_16)
FN:238,(anonymous_17)
FN:242,(anonymous_18)
FN:246,(anonymous_19)
FN:250,(anonymous_20)
FN:254,(anonymous_21)
FN:258,(anonymous_22)
FN:262,(anonymous_23)
FN:266,(anonymous_24)
FN:270,(anonymous_25)
FN:274,(anonymous_26)
FN:280,typeIterator
FN:281,(anonymous_28)
FNF:28
FNH:6
FNDA:0,validatePosition
FNDA:0,positionPrecision
FNDA:0,(anonymous_3)
FNDA:0,bboxToResolution
FNDA:0,bboxToPolygon
FNDA:0,getBBoxCenter
FNDA:0,extendBBoxWithPosition
FNDA:0,getBBoxFromVertices
FNDA:0,getGeoJson
FNDA:0,getPosition
FNDA:0,destinationPosition
FNDA:0,numberToBearing
FNDA:8,bearingTo
FNDA:8,rhumbBearingTo
FNDA:16,floatPrecision
FNDA:0,(anonymous_16)
FNDA:0,(anonymous_17)
FNDA:0,(anonymous_18)
FNDA:0,(anonymous_19)
FNDA:0,(anonymous_20)
FNDA:0,(anonymous_21)
FNDA:0,(anonymous_22)
FNDA:0,(anonymous_23)
FNDA:0,(anonymous_24)
FNDA:8,(anonymous_25)
FNDA:8,(anonymous_26)
FNDA:3,typeIterator
FNDA:0,(anonymous_28)
DA:4,1
DA:15,1
DA:17,0
DA:18,0
DA:22,0
DA:23,0
DA:27,0
DA:30,1
DA:31,0
DA:33,0
DA:34,0
DA:37,0
DA:41,1
DA:42,0
DA:44,0
DA:49,0
DA:51,0
DA:54,1
DA:56,0
DA:67,0
DA:70,1
DA:71,0
DA:74,0
DA:77,1
DA:78,0
DA:80,0
DA:81,0
DA:83,0
DA:84,0
DA:87,0
DA:88,0
DA:90,0
DA:91,0
DA:94,0
DA:98,1
DA:99,0
DA:101,0
DA:105,0
DA:106,0
DA:108,0
DA:110,0
DA:112,0
DA:114,0
DA:117,0
DA:119,0
DA:121,0
DA:123,0
DA:127,0
DA:130,1
DA:136,1
DA:137,0
DA:139,0
DA:140,0
DA:145,0
DA:146,0
DA:147,0
DA:150,0
DA:154,0
DA:157,0
DA:161,1
DA:162,0
DA:164,0
DA:167,1
DA:168,0
DA:171,1
DA:172,0
DA:175,1
DA:176,8
DA:178,8
DA:181,8
DA:182,8
DA:184,8
DA:186,8
DA:189,1
DA:190,8
DA:195,8
DA:197,8
DA:199,8
DA:201,8
DA:205,1
DA:206,16
DA:207,8
DA:208,0
DA:211,0
DA:214,8
DA:217,8
DA:219,8
DA:220,0
DA:221,0
DA:224,8
DA:227,8
DA:231,1
DA:235,0
DA:239,0
DA:243,0
DA:247,0
DA:251,0
DA:255,0
DA:259,0
DA:263,0
DA:267,0
DA:271,8
DA:275,8
DA:280,1
DA:281,3
DA:282,0
DA:285,3
DA:287,3
DA:288,3
LF:109
LH:42
BRDA:17,1,0,0
BRDA:17,1,1,0
BRDA:17,2,0,0
BRDA:17,2,1,0
BRDA:22,3,0,0
BRDA:22,3,1,0
BRDA:22,4,0,0
BRDA:22,4,1,0
BRDA:33,5,0,0
BRDA:33,5,1,0
BRDA:42,6,0,0
BRDA:42,6,1,0
BRDA:80,7,0,0
BRDA:80,7,1,0
BRDA:83,8,0,0
BRDA:83,8,1,0
BRDA:87,9,0,0
BRDA:87,9,1,0
BRDA:90,10,0,0
BRDA:90,10,1,0
BRDA:108,11,0,0
BRDA:108,11,1,0
BRDA:112,12,0,0
BRDA:112,12,1,0
BRDA:117,13,0,0
BRDA:117,13,1,0
BRDA:121,14,0,0
BRDA:121,14,1,0
BRDA:137,15,0,0
BRDA:137,15,1,0
BRDA:139,16,0,0
BRDA:139,16,1,0
BRDA:145,17,0,0
BRDA:145,17,1,0
BRDA:146,18,0,0
BRDA:146,18,1,0
BRDA:146,19,0,0
BRDA:146,19,1,0
BRDA:162,20,0,0
BRDA:162,20,1,0
BRDA:195,21,0,0
BRDA:195,21,1,8
BRDA:195,22,0,0
BRDA:195,22,1,0
BRDA:206,23,0,8
BRDA:206,23,1,8
BRDA:207,24,0,0
BRDA:207,24,1,8
BRDA:219,25,0,0
BRDA:219,25,1,8
BRF:50
BRH:5
end_of_record
